<?xml version="1.0" encoding="UTF-8"?>
<testng-results ignored="0" total="1" passed="1" failed="0" skipped="0">
  <reporter-output>
  </reporter-output>
  <suite started-at="2025-03-16T06:48:35 IST" name="Default suite" finished-at="2025-03-16T06:48:49 IST" duration-ms="14034">
    <groups>
      <group name="snaity">
        <method signature="SearchProductTest.verifyProductSearchTest()[pri:0, instance:com.ui.tests.SearchProductTest@5b7a5baa]" name="verifyProductSearchTest" class="com.ui.tests.SearchProductTest"/>
      </group> <!-- snaity -->
      <group name="smoke">
        <method signature="SearchProductTest.verifyProductSearchTest()[pri:0, instance:com.ui.tests.SearchProductTest@5b7a5baa]" name="verifyProductSearchTest" class="com.ui.tests.SearchProductTest"/>
      </group> <!-- smoke -->
      <group name="e2e">
        <method signature="SearchProductTest.verifyProductSearchTest()[pri:0, instance:com.ui.tests.SearchProductTest@5b7a5baa]" name="verifyProductSearchTest" class="com.ui.tests.SearchProductTest"/>
      </group> <!-- e2e -->
    </groups>
    <test started-at="2025-03-16T06:48:35 IST" name="Default test" finished-at="2025-03-16T06:48:49 IST" duration-ms="14034">
      <class name="com.ui.tests.SearchProductTest">
        <test-method is-config="true" signature="setup(java.lang.String,boolean,boolean,org.testng.ITestResult)[pri:0, instance:com.ui.tests.SearchProductTest@5b7a5baa]" started-at="2025-03-16T06:48:35 IST" name="setup" description="Load the homepage" finished-at="2025-03-16T06:48:45 IST" duration-ms="9604" status="PASS">
          <params>
            <param index="0">
              <value>
                <![CDATA[chrome]]>
              </value>
            </param>
            <param index="1">
              <value>
                <![CDATA[false]]>
              </value>
            </param>
            <param index="2">
              <value>
                <![CDATA[true]]>
              </value>
            </param>
            <param index="3">
              <value>
                <![CDATA[[TestResult name={null} status=CREATED method=SearchProductTest.verifyProductSearchTest()[pri:0, instance:com.ui.tests.SearchProductTest@5b7a5baa] output={null}]]]>
              </value>
            </param>
          </params>
          <reporter-output>
          </reporter-output>
        </test-method> <!-- setup -->
        <test-method is-config="true" signature="setup()[pri:0, instance:com.ui.tests.SearchProductTest@5b7a5baa]" started-at="2025-03-16T06:48:45 IST" name="setup" description="Valid user logs into the application" finished-at="2025-03-16T06:48:47 IST" duration-ms="2156" status="PASS">
          <reporter-output>
          </reporter-output>
        </test-method> <!-- setup -->
        <test-method signature="verifyProductSearchTest()[pri:0, instance:com.ui.tests.SearchProductTest@5b7a5baa]" started-at="2025-03-16T06:48:47 IST" name="verifyProductSearchTest" description="Verify the logged in user is able to search the product and correct products are displayed" finished-at="2025-03-16T06:48:49 IST" duration-ms="1876" status="PASS">
          <reporter-output>
          </reporter-output>
        </test-method> <!-- verifyProductSearchTest -->
        <test-method is-config="true" signature="tearDown()[pri:0, instance:com.ui.tests.SearchProductTest@5b7a5baa]" started-at="2025-03-16T06:48:49 IST" name="tearDown" description="Tear down the browser" finished-at="2025-03-16T06:48:49 IST" duration-ms="1" status="PASS">
          <reporter-output>
          </reporter-output>
        </test-method> <!-- tearDown -->
      </class> <!-- com.ui.tests.SearchProductTest -->
    </test> <!-- Default test -->
  </suite> <!-- Default suite -->
</testng-results>
